{"/Users/davifsroberto/Development/PERSONAL/Studies/TVmaze/src/assets/images/image-placeholder.png": {"path":"/Users/davifsroberto/Development/PERSONAL/Studies/TVmaze/src/assets/images/image-placeholder.png","statementMap":{"0":{"start":{"line":1,"column":0},"end":{"line":4,"column":6}}},"fnMap":{},"branchMap":{},"s":{"0":1},"f":{},"b":{},"inputSourceMap":null,"_coverageSchema":"1a1c01bbd47fc00a2c39e90264f33305004495a9","hash":"95e16dc87e07f75c70809c9812e0f2200093ef5c"}
,"/Users/davifsroberto/Development/PERSONAL/Studies/TVmaze/src/assets/images/star.png": {"path":"/Users/davifsroberto/Development/PERSONAL/Studies/TVmaze/src/assets/images/star.png","statementMap":{"0":{"start":{"line":1,"column":0},"end":{"line":4,"column":6}}},"fnMap":{},"branchMap":{},"s":{"0":1},"f":{},"b":{},"inputSourceMap":null,"_coverageSchema":"1a1c01bbd47fc00a2c39e90264f33305004495a9","hash":"fb816bfa60bfd27888f5a5fb75b20d82f5efc53c"}
,"/Users/davifsroberto/Development/PERSONAL/Studies/TVmaze/src/components/ImageIcon/ImageIcon.tsx": {"path":"/Users/davifsroberto/Development/PERSONAL/Studies/TVmaze/src/components/ImageIcon/ImageIcon.tsx","statementMap":{"0":{"start":{"line":10,"column":2},"end":{"line":18,"column":4}}},"fnMap":{"0":{"name":"ImageIcon","decl":{"start":{"line":9,"column":16},"end":{"line":9,"column":25}},"loc":{"start":{"line":9,"column":72},"end":{"line":19,"column":1}},"line":9}},"branchMap":{"0":{"loc":{"start":{"line":9,"column":43},"end":{"line":9,"column":52}},"type":"default-arg","locations":[{"start":{"line":9,"column":50},"end":{"line":9,"column":52}}],"line":9}},"s":{"0":2},"f":{"0":2},"b":{"0":[2]},"_coverageSchema":"1a1c01bbd47fc00a2c39e90264f33305004495a9","hash":"7fcc58f71d52c45fb1fe7e66c7b5ac309d2c2d02"}
,"/Users/davifsroberto/Development/PERSONAL/Studies/TVmaze/src/components/StarRating/StarRating.tsx": {"path":"/Users/davifsroberto/Development/PERSONAL/Studies/TVmaze/src/components/StarRating/StarRating.tsx","statementMap":{"0":{"start":{"line":8,"column":17},"end":{"line":8,"column":56}},"1":{"start":{"line":14,"column":2},"end":{"line":16,"column":3}},"2":{"start":{"line":15,"column":4},"end":{"line":15,"column":16}},"3":{"start":{"line":18,"column":2},"end":{"line":23,"column":4}},"4":{"start":{"line":26,"column":15},"end":{"line":35,"column":2}}},"fnMap":{"0":{"name":"StarRating","decl":{"start":{"line":13,"column":16},"end":{"line":13,"column":26}},"loc":{"start":{"line":13,"column":46},"end":{"line":24,"column":1}},"line":13}},"branchMap":{"0":{"loc":{"start":{"line":14,"column":2},"end":{"line":16,"column":3}},"type":"if","locations":[{"start":{"line":14,"column":2},"end":{"line":16,"column":3}},{"start":{},"end":{}}],"line":14}},"s":{"0":1,"1":3,"2":1,"3":2,"4":1},"f":{"0":3},"b":{"0":[1,2]},"_coverageSchema":"1a1c01bbd47fc00a2c39e90264f33305004495a9","hash":"90313d0fe9eff6285bf2b56a9df555efa703ce36"}
,"/Users/davifsroberto/Development/PERSONAL/Studies/TVmaze/src/screens/ShowDetailsScreen/components/SeasonModal/SeasonModal.tsx": {"path":"/Users/davifsroberto/Development/PERSONAL/Studies/TVmaze/src/screens/ShowDetailsScreen/components/SeasonModal/SeasonModal.tsx","statementMap":{"0":{"start":{"line":12,"column":27},"end":{"line":40,"column":1}},"1":{"start":{"line":15,"column":6},"end":{"line":15,"column":28}},"2":{"start":{"line":16,"column":6},"end":{"line":16,"column":28}},"3":{"start":{"line":19,"column":4},"end":{"line":38,"column":6}},"4":{"start":{"line":28,"column":12},"end":{"line":34,"column":19}},"5":{"start":{"line":30,"column":29},"end":{"line":30,"column":49}},"6":{"start":{"line":42,"column":15},"end":{"line":54,"column":2}}},"fnMap":{"0":{"name":"(anonymous_0)","decl":{"start":{"line":13,"column":2},"end":{"line":13,"column":3}},"loc":{"start":{"line":13,"column":40},"end":{"line":39,"column":3}},"line":13},"1":{"name":"handleSelect","decl":{"start":{"line":14,"column":13},"end":{"line":14,"column":25}},"loc":{"start":{"line":14,"column":41},"end":{"line":17,"column":5}},"line":14},"2":{"name":"(anonymous_2)","decl":{"start":{"line":27,"column":23},"end":{"line":27,"column":24}},"loc":{"start":{"line":28,"column":12},"end":{"line":34,"column":19}},"line":28},"3":{"name":"(anonymous_3)","decl":{"start":{"line":30,"column":23},"end":{"line":30,"column":24}},"loc":{"start":{"line":30,"column":29},"end":{"line":30,"column":49}},"line":30}},"branchMap":{},"s":{"0":1,"1":1,"2":1,"3":2,"4":6,"5":1,"6":1},"f":{"0":2,"1":1,"2":6,"3":1},"b":{},"_coverageSchema":"1a1c01bbd47fc00a2c39e90264f33305004495a9","hash":"efe0fcb844e1a7b17a39ede0b5a26dc800775da7"}
,"/Users/davifsroberto/Development/PERSONAL/Studies/TVmaze/src/services/api.ts": {"path":"/Users/davifsroberto/Development/PERSONAL/Studies/TVmaze/src/services/api.ts","statementMap":{"0":{"start":{"line":3,"column":24},"end":{"line":3,"column":49}},"1":{"start":{"line":5,"column":19},"end":{"line":7,"column":2}}},"fnMap":{},"branchMap":{},"s":{"0":1,"1":1},"f":{},"b":{},"_coverageSchema":"1a1c01bbd47fc00a2c39e90264f33305004495a9","hash":"e89d97e1cf5328fd371bb52bcd16cf97b4e10003"}
,"/Users/davifsroberto/Development/PERSONAL/Studies/TVmaze/src/services/show/showService.ts": {"path":"/Users/davifsroberto/Development/PERSONAL/Studies/TVmaze/src/services/show/showService.ts","statementMap":{"0":{"start":{"line":8,"column":2},"end":{"line":19,"column":3}},"1":{"start":{"line":9,"column":21},"end":{"line":9,"column":64}},"2":{"start":{"line":10,"column":4},"end":{"line":13,"column":6}},"3":{"start":{"line":15,"column":4},"end":{"line":18,"column":6}},"4":{"start":{"line":27,"column":2},"end":{"line":27,"column":41}},"5":{"start":{"line":27,"column":31},"end":{"line":27,"column":41}},"6":{"start":{"line":28,"column":19},"end":{"line":30,"column":3}},"7":{"start":{"line":32,"column":19},"end":{"line":32,"column":50}},"8":{"start":{"line":32,"column":39},"end":{"line":32,"column":49}},"9":{"start":{"line":33,"column":2},"end":{"line":33,"column":18}},"10":{"start":{"line":37,"column":19},"end":{"line":37,"column":71}},"11":{"start":{"line":39,"column":18},"end":{"line":39,"column":53}},"12":{"start":{"line":40,"column":22},"end":{"line":40,"column":42}},"13":{"start":{"line":42,"column":2},"end":{"line":42,"column":34}},"14":{"start":{"line":45,"column":27},"end":{"line":49,"column":1}}},"fnMap":{"0":{"name":"list","decl":{"start":{"line":7,"column":15},"end":{"line":7,"column":19}},"loc":{"start":{"line":7,"column":59},"end":{"line":20,"column":1}},"line":7},"1":{"name":"searchByName","decl":{"start":{"line":26,"column":15},"end":{"line":26,"column":27}},"loc":{"start":{"line":26,"column":65},"end":{"line":34,"column":1}},"line":26},"2":{"name":"(anonymous_2)","decl":{"start":{"line":32,"column":28},"end":{"line":32,"column":29}},"loc":{"start":{"line":32,"column":39},"end":{"line":32,"column":49}},"line":32},"3":{"name":"getEpisodes","decl":{"start":{"line":36,"column":15},"end":{"line":36,"column":26}},"loc":{"start":{"line":36,"column":69},"end":{"line":43,"column":1}},"line":36}},"branchMap":{"0":{"loc":{"start":{"line":27,"column":2},"end":{"line":27,"column":41}},"type":"if","locations":[{"start":{"line":27,"column":2},"end":{"line":27,"column":41}},{"start":{},"end":{}}],"line":27}},"s":{"0":0,"1":0,"2":0,"3":0,"4":0,"5":0,"6":0,"7":0,"8":0,"9":0,"10":2,"11":2,"12":2,"13":2,"14":1},"f":{"0":0,"1":0,"2":0,"3":2},"b":{"0":[0,0]},"_coverageSchema":"1a1c01bbd47fc00a2c39e90264f33305004495a9","hash":"f65fabd25fe8d169f1412a55b665a7e388461beb"}
,"/Users/davifsroberto/Development/PERSONAL/Studies/TVmaze/src/styles/colors.ts": {"path":"/Users/davifsroberto/Development/PERSONAL/Studies/TVmaze/src/styles/colors.ts","statementMap":{"0":{"start":{"line":1,"column":22},"end":{"line":9,"column":1}}},"fnMap":{},"branchMap":{},"s":{"0":2},"f":{},"b":{},"_coverageSchema":"1a1c01bbd47fc00a2c39e90264f33305004495a9","hash":"08464c5c77a92e88d14bc6653988e607e4de3510"}
,"/Users/davifsroberto/Development/PERSONAL/Studies/TVmaze/src/utils/commonUtils.ts": {"path":"/Users/davifsroberto/Development/PERSONAL/Studies/TVmaze/src/utils/commonUtils.ts","statementMap":{"0":{"start":{"line":5,"column":25},"end":{"line":5,"column":74}},"1":{"start":{"line":11,"column":16},"end":{"line":11,"column":32}},"2":{"start":{"line":13,"column":2},"end":{"line":15,"column":3}},"3":{"start":{"line":14,"column":4},"end":{"line":14,"column":28}},"4":{"start":{"line":17,"column":2},"end":{"line":19,"column":3}},"5":{"start":{"line":18,"column":4},"end":{"line":18,"column":39}},"6":{"start":{"line":21,"column":2},"end":{"line":21,"column":26}},"7":{"start":{"line":24,"column":16},"end":{"line":32,"column":1}},"8":{"start":{"line":25,"column":2},"end":{"line":31,"column":9}},"9":{"start":{"line":26,"column":4},"end":{"line":28,"column":6}},"10":{"start":{"line":30,"column":4},"end":{"line":30,"column":18}},"11":{"start":{"line":37,"column":2},"end":{"line":37,"column":31}},"12":{"start":{"line":37,"column":21},"end":{"line":37,"column":31}},"13":{"start":{"line":38,"column":2},"end":{"line":40,"column":16}},"14":{"start":{"line":39,"column":4},"end":{"line":39,"column":35}},"15":{"start":{"line":43,"column":27},"end":{"line":47,"column":1}}},"fnMap":{"0":{"name":"getImageSource","decl":{"start":{"line":7,"column":9},"end":{"line":7,"column":23}},"loc":{"start":{"line":10,"column":24},"end":{"line":22,"column":1}},"line":10},"1":{"name":"(anonymous_1)","decl":{"start":{"line":24,"column":16},"end":{"line":24,"column":17}},"loc":{"start":{"line":24,"column":78},"end":{"line":32,"column":1}},"line":24},"2":{"name":"(anonymous_2)","decl":{"start":{"line":25,"column":22},"end":{"line":25,"column":23}},"loc":{"start":{"line":25,"column":48},"end":{"line":31,"column":3}},"line":25},"3":{"name":"getFromInfiniteData","decl":{"start":{"line":34,"column":16},"end":{"line":34,"column":35}},"loc":{"start":{"line":36,"column":7},"end":{"line":41,"column":1}},"line":36},"4":{"name":"(anonymous_4)","decl":{"start":{"line":38,"column":35},"end":{"line":38,"column":36}},"loc":{"start":{"line":38,"column":51},"end":{"line":40,"column":3}},"line":38}},"branchMap":{"0":{"loc":{"start":{"line":11,"column":16},"end":{"line":11,"column":32}},"type":"binary-expr","locations":[{"start":{"line":11,"column":16},"end":{"line":11,"column":20}},{"start":{"line":11,"column":24},"end":{"line":11,"column":32}}],"line":11},"1":{"loc":{"start":{"line":13,"column":2},"end":{"line":15,"column":3}},"type":"if","locations":[{"start":{"line":13,"column":2},"end":{"line":15,"column":3}},{"start":{},"end":{}}],"line":13},"2":{"loc":{"start":{"line":17,"column":2},"end":{"line":19,"column":3}},"type":"if","locations":[{"start":{"line":17,"column":2},"end":{"line":19,"column":3}},{"start":{},"end":{}}],"line":17},"3":{"loc":{"start":{"line":26,"column":33},"end":{"line":26,"column":64}},"type":"binary-expr","locations":[{"start":{"line":26,"column":33},"end":{"line":26,"column":58}},{"start":{"line":26,"column":62},"end":{"line":26,"column":64}}],"line":26},"4":{"loc":{"start":{"line":37,"column":2},"end":{"line":37,"column":31}},"type":"if","locations":[{"start":{"line":37,"column":2},"end":{"line":37,"column":31}},{"start":{},"end":{}}],"line":37}},"s":{"0":1,"1":0,"2":0,"3":0,"4":0,"5":0,"6":0,"7":1,"8":2,"9":8,"10":8,"11":0,"12":0,"13":0,"14":0,"15":1},"f":{"0":0,"1":2,"2":8,"3":0,"4":0},"b":{"0":[0,0],"1":[0,0],"2":[0,0],"3":[8,4],"4":[0,0]},"_coverageSchema":"1a1c01bbd47fc00a2c39e90264f33305004495a9","hash":"ddbd6f172363d9ef87d2dcfaf0462b7b4cc533e2"}
}
